<?xml version="1.0" encoding="UTF-8"?>
<!-- Generated by org.testng.reporters.JUnitXMLReporter -->
<testsuite ignored="3" hostname="DESKTOP-F8I6CN8" failures="0" tests="1" name="Default test" time="23.294" errors="0" timestamp="2024-10-22T19:25:17 AST">
  <testcase classname="motengo_test.userTest" name="AddItemToThecart" time="18.737"/>
  <testcase classname="motengo_test.userTest" name="signInTest" time="0.0">
    <ignored/>
  </testcase> <!-- signInTest -->
  <testcase classname="motengo_test.userTest" name="signUpTest" time="0.0">
    <ignored/>
  </testcase> <!-- signUpTest -->
  <testcase classname="motengo_test.userTest" name="logOutTest" time="0.0">
    <ignored/>
  </testcase> <!-- logOutTest -->
</testsuite> <!-- Default test -->
