<?xml version="1.0" encoding="UTF-8"?>
<testng-results ignored="3" total="4" passed="1" failed="0" skipped="0">
  <reporter-output>
  </reporter-output>
  <suite started-at="2024-10-22T19:24:54 AST" name="Default suite" finished-at="2024-10-22T19:25:17 AST" duration-ms="23294">
    <groups>
    </groups>
    <test started-at="2024-10-22T19:24:54 AST" name="Default test" finished-at="2024-10-22T19:25:17 AST" duration-ms="23294">
      <class name="motengo_test.userTest">
        <test-method is-config="true" signature="getWebsite()[pri:0, instance:motengo_test.userTest@189aa67a]" started-at="2024-10-22T19:24:54 AST" name="getWebsite" finished-at="2024-10-22T19:24:58 AST" duration-ms="4452" status="PASS">
          <reporter-output>
          </reporter-output>
        </test-method> <!-- getWebsite -->
        <test-method signature="AddItemToThecart()[pri:4, instance:motengo_test.userTest@189aa67a]" started-at="2024-10-22T19:24:58 AST" name="AddItemToThecart" finished-at="2024-10-22T19:25:17 AST" duration-ms="18737" status="PASS">
          <reporter-output>
          </reporter-output>
        </test-method> <!-- AddItemToThecart -->
        <test-method is-config="true" signature="endTest()[pri:0, instance:motengo_test.userTest@189aa67a]" started-at="2024-10-22T19:25:17 AST" name="endTest" finished-at="2024-10-22T19:25:17 AST" duration-ms="1" status="PASS">
          <reporter-output>
          </reporter-output>
        </test-method> <!-- endTest -->
      </class> <!-- motengo_test.userTest -->
    </test> <!-- Default test -->
  </suite> <!-- Default suite -->
</testng-results>
